// This log contains output of following code. basically create function object without assigning anything and attempt to print.

#include <functional>
#include <iostream>

using namespace std;

main() {
    function <void(int)> func;
    cout << "function: " << func << endl;
}



std_function-2.cpp:6:6: warning: ISO C++ forbids declaration of ‘main’ with no type [-Wreturn-type]
 main() {
      ^
std_function-2.cpp: In function ‘int main()’:
std_function-2.cpp:8:26: error: no match for ‘operator<<’ (operand types are ‘std::basic_ostream<char>’ and ‘std::function<void(int)>’)
     cout << "function: " << func << endl;
     ~~~~~~~~~~~~~~~~~~~~~^~~~~~~
std_function-2.cpp:8:26: note: candidate: ‘operator<<(int, int)’ <built-in>
std_function-2.cpp:8:26: note:   no known conversion for argument 2 from ‘std::function<void(int)>’ to ‘int’
In file included from /usr/include/c++/8/iostream:39,
                 from std_function-2.cpp:2:
/usr/include/c++/8/ostream:108:7: note: candidate: ‘std::basic_ostream<_CharT, _Traits>::__ostream_type& std::basic_ostream<_CharT, _Traits>::operator<<(std::basic_ostream<_CharT, _Traits>::__ostream_type& (*)(std::basic_ostream<_CharT, _Traits>::__ostream_type&)) [with _CharT = char; _Traits = std::char_traits<char>; std::basic_ostream<_CharT, _Traits>::__ostream_type = std::basic_ostream<char>]’
       operator<<(__ostream_type& (*__pf)(__ostream_type&))
       ^~~~~~~~
/usr/include/c++/8/ostream:108:7: note:   no known conversion for argument 1 from ‘std::function<void(int)>’ to ‘std::basic_ostream<char>::__ostream_type& (*)(std::basic_ostream<char>::__ostream_type&)’ {aka ‘std::basic_ostream<char>& (*)(std::basic_ostream<char>&)’}
/usr/include/c++/8/ostream:117:7: note: candidate: ‘std::basic_ostream<_CharT, _Traits>::__ostream_type& std::basic_ostream<_CharT, _Traits>::operator<<(std::basic_ostream<_CharT, _Traits>::__ios_type& (*)(std::basic_ostream<_CharT, _Traits>::__ios_type&)) [with _CharT = char; _Traits = std::char_traits<char>; std::basic_ostream<_CharT, _Traits>::__ostream_type = std::basic_ostream<char>; std::basic_ostream<_CharT, _Traits>::__ios_type = std::basic_ios<char>]’
       operator<<(__ios_type& (*__pf)(__ios_type&))
       ^~~~~~~~
/usr/include/c++/8/ostream:117:7: note:   no known conversion for argument 1 from ‘std::function<void(int)>’ to ‘std::basic_ostream<char>::__ios_type& (*)(std::basic_ostream<char>::__ios_type&)’ {aka ‘std::basic_ios<char>& (*)(std::basic_ios<char>&)’}
/usr/include/c++/8/ostream:127:7: note: candidate: ‘std::basic_ostream<_CharT, _Traits>::__ostream_type& std::basic_ostream<_CharT, _Traits>::operator<<(std::ios_base& (*)(std::ios_base&)) [with _CharT = char; _Traits = std::char_traits<char>; std::basic_ostream<_CharT, _Traits>::__ostream_type = std::basic_ostream<char>]’
       operator<<(ios_base& (*__pf) (ios_base&))
       ^~~~~~~~
/usr/include/c++/8/ostream:127:7: note:   no known conversion for argument 1 from ‘std::function<void(int)>’ to ‘std::ios_base& (*)(std::ios_base&)’
/usr/include/c++/8/ostream:166:7: note: candidate: ‘std::basic_ostream<_CharT, _Traits>::__ostream_type& std::basic_ostream<_CharT, _Traits>::operator<<(long int) [with _CharT = char; _Traits = std::char_traits<char>; std::basic_ostream<_CharT, _Traits>::__ostream_type = std::basic_ostream<char>]’
       operator<<(long __n)
       ^~~~~~~~
/usr/include/c++/8/ostream:166:7: note:   no known conversion for argument 1 from ‘std::function<void(int)>’ to ‘long int’
/usr/include/c++/8/ostream:170:7: note: candidate: ‘std::basic_ostream<_CharT, _Traits>::__ostream_type& std::basic_ostream<_CharT, _Traits>::operator<<(long unsigned int) [with _CharT = char; _Traits = std::char_traits<char>; std::basic_ostream<_CharT, _Traits>::__ostream_type = std::basic_ostream<char>]’
       operator<<(unsigned long __n)
       ^~~~~~~~
/usr/include/c++/8/ostream:170:7: note:   no known conversion for argument 1 from ‘std::function<void(int)>’ to ‘long unsigned int’
/usr/include/c++/8/ostream:174:7: note: candidate: ‘std::basic_ostream<_CharT, _Traits>::__ostream_type& std::basic_ostream<_CharT, _Traits>::operator<<(bool) [with _CharT = char; _Traits = std::char_traits<char>; std::basic_ostream<_CharT, _Traits>::__ostream_type = std::basic_ostream<char>]’
       operator<<(bool __n)
       ^~~~~~~~
/usr/include/c++/8/ostream:174:7: note:   no known conversion for argument 1 from ‘std::function<void(int)>’ to ‘bool’
In file included from /usr/include/c++/8/ostream:696,
                 from /usr/include/c++/8/iostream:39,
                 from std_function-2.cpp:2:
/usr/include/c++/8/bits/ostream.tcc:91:5: note: candidate: ‘std::basic_ostream<_CharT, _Traits>& std::basic_ostream<_CharT, _Traits>::operator<<(short int) [with _CharT = char; _Traits = std::char_traits<char>]’
     basic_ostream<_CharT, _Traits>::
     ^~~~~~~~~~~~~~~~~~~~~~~~~~~~~~
/usr/include/c++/8/bits/ostream.tcc:91:5: note:   no known conversion for argument 1 from ‘std::function<void(int)>’ to ‘short int’
In file included from /usr/include/c++/8/iostream:39,
                 from std_function-2.cpp:2:
/usr/include/c++/8/ostream:181:7: note: candidate: ‘std::basic_ostream<_CharT, _Traits>::__ostream_type& std::basic_ostream<_CharT, _Traits>::operator<<(short unsigned int) [with _CharT = char; _Traits = std::char_traits<char>; std::basic_ostream<_CharT, _Traits>::__ostream_type = std::basic_ostream<char>]’
       operator<<(unsigned short __n)
       ^~~~~~~~
/usr/include/c++/8/ostream:181:7: note:   no known conversion for argument 1 from ‘std::function<void(int)>’ to ‘short unsigned int’
In file included from /usr/include/c++/8/ostream:696,
                 from /usr/include/c++/8/iostream:39,
                 from std_function-2.cpp:2:
/usr/include/c++/8/bits/ostream.tcc:105:5: note: candidate: ‘std::basic_ostream<_CharT, _Traits>& std::basic_ostream<_CharT, _Traits>::operator<<(int) [with _CharT = char; _Traits = std::char_traits<char>]’
     basic_ostream<_CharT, _Traits>::
     ^~~~~~~~~~~~~~~~~~~~~~~~~~~~~~
/usr/include/c++/8/bits/ostream.tcc:105:5: note:   no known conversion for argument 1 from ‘std::function<void(int)>’ to ‘int’
In file included from /usr/include/c++/8/iostream:39,
                 from std_function-2.cpp:2:
/usr/include/c++/8/ostream:192:7: note: candidate: ‘std::basic_ostream<_CharT, _Traits>::__ostream_type& std::basic_ostream<_CharT, _Traits>::operator<<(unsigned int) [with _CharT = char; _Traits = std::char_traits<char>; std::basic_ostream<_CharT, _Traits>::__ostream_type = std::basic_ostream<char>]’
       operator<<(unsigned int __n)
       ^~~~~~~~
/usr/include/c++/8/ostream:192:7: note:   no known conversion for argument 1 from ‘std::function<void(int)>’ to ‘unsigned int’
/usr/include/c++/8/ostream:201:7: note: candidate: ‘std::basic_ostream<_CharT, _Traits>::__ostream_type& std::basic_ostream<_CharT, _Traits>::operator<<(long long int) [with _CharT = char; _Traits = std::char_traits<char>; std::basic_ostream<_CharT, _Traits>::__ostream_type = std::basic_ostream<char>]’
       operator<<(long long __n)
       ^~~~~~~~
/usr/include/c++/8/ostream:201:7: note:   no known conversion for argument 1 from ‘std::function<void(int)>’ to ‘long long int’
/usr/include/c++/8/ostream:205:7: note: candidate: ‘std::basic_ostream<_CharT, _Traits>::__ostream_type& std::basic_ostream<_CharT, _Traits>::operator<<(long long unsigned int) [with _CharT = char; _Traits = std::char_traits<char>; std::basic_ostream<_CharT, _Traits>::__ostream_type = std::basic_ostream<char>]’
       operator<<(unsigned long long __n)
       ^~~~~~~~
/usr/include/c++/8/ostream:205:7: note:   no known conversion for argument 1 from ‘std::function<void(int)>’ to ‘long long unsigned int’
/usr/include/c++/8/ostream:220:7: note: candidate: ‘std::basic_ostream<_CharT, _Traits>::__ostream_type& std::basic_ostream<_CharT, _Traits>::operator<<(double) [with _CharT = char; _Traits = std::char_traits<char>; std::basic_ostream<_CharT, _Traits>::__ostream_type = std::basic_ostream<char>]’
       operator<<(double __f)
       ^~~~~~~~
/usr/include/c++/8/ostream:220:7: note:   no known conversion for argument 1 from ‘std::function<void(int)>’ to ‘double’
/usr/include/c++/8/ostream:224:7: note: candidate: ‘std::basic_ostream<_CharT, _Traits>::__ostream_type& std::basic_ostream<_CharT, _Traits>::operator<<(float) [with _CharT = char; _Traits = std::char_traits<char>; std::basic_ostream<_CharT, _Traits>::__ostream_type = std::basic_ostream<char>]’
       operator<<(float __f)
       ^~~~~~~~
/usr/include/c++/8/ostream:224:7: note:   no known conversion for argument 1 from ‘std::function<void(int)>’ to ‘float’
/usr/include/c++/8/ostream:232:7: note: candidate: ‘std::basic_ostream<_CharT, _Traits>::__ostream_type& std::basic_ostream<_CharT, _Traits>::operator<<(long double) [with _CharT = char; _Traits = std::char_traits<char>; std::basic_ostream<_CharT, _Traits>::__ostream_type = std::basic_ostream<char>]’
       operator<<(long double __f)
       ^~~~~~~~
/usr/include/c++/8/ostream:232:7: note:   no known conversion for argument 1 from ‘std::function<void(int)>’ to ‘long double’
/usr/include/c++/8/ostream:245:7: note: candidate: ‘std::basic_ostream<_CharT, _Traits>::__ostream_type& std::basic_ostream<_CharT, _Traits>::operator<<(const void*) [with _CharT = char; _Traits = std::char_traits<char>; std::basic_ostream<_CharT, _Traits>::__ostream_type = std::basic_ostream<char>]’
       operator<<(const void* __p)
       ^~~~~~~~
/usr/include/c++/8/ostream:245:7: note:   no known conversion for argument 1 from ‘std::function<void(int)>’ to ‘const void*’
In file included from /usr/include/c++/8/ostream:696,
                 from /usr/include/c++/8/iostream:39,
                 from std_function-2.cpp:2:
/usr/include/c++/8/bits/ostream.tcc:119:5: note: candidate: ‘std::basic_ostream<_CharT, _Traits>& std::basic_ostream<_CharT, _Traits>::operator<<(std::basic_ostream<_CharT, _Traits>::__streambuf_type*) [with _CharT = char; _Traits = std::char_traits<char>; std::basic_ostream<_CharT, _Traits>::__streambuf_type = std::basic_streambuf<char>]’
     basic_ostream<_CharT, _Traits>::
     ^~~~~~~~~~~~~~~~~~~~~~~~~~~~~~
/usr/include/c++/8/bits/ostream.tcc:119:5: note:   no known conversion for argument 1 from ‘std::function<void(int)>’ to ‘std::basic_ostream<char>::__streambuf_type*’ {aka ‘std::basic_streambuf<char>*’}
In file included from /usr/include/c++/8/string:52,
                 from /usr/include/c++/8/stdexcept:39,
                 from /usr/include/c++/8/array:39,
                 from /usr/include/c++/8/tuple:39,
                 from /usr/include/c++/8/functional:54,
                 from std_function-2.cpp:1:
/usr/include/c++/8/bits/basic_string.h:6327:5: note: candidate: ‘template<class _CharT, class _Traits, class _Alloc> std::basic_ostream<_CharT, _Traits>& std::operator<<(std::basic_ostream<_CharT, _Traits>&, const std::__cxx11::basic_string<_CharT, _Traits, _Alloc>&)’
     operator<<(basic_ostream<_CharT, _Traits>& __os,
     ^~~~~~~~
/usr/include/c++/8/bits/basic_string.h:6327:5: note:   template argument deduction/substitution failed:
std_function-2.cpp:8:29: note:   ‘std::function<void(int)>’ is not derived from ‘const std::__cxx11::basic_string<_CharT, _Traits, _Alloc>’
     cout << "function: " << func << endl;
                             ^~~~
In file included from /usr/include/c++/8/bits/ios_base.h:46,
                 from /usr/include/c++/8/ios:42,
                 from /usr/include/c++/8/ostream:38,
                 from /usr/include/c++/8/iostream:39,
                 from std_function-2.cpp:2:
/usr/include/c++/8/system_error:217:5: note: candidate: ‘template<class _CharT, class _Traits> std::basic_ostream<_CharT, _Traits>& std::operator<<(std::basic_ostream<_CharT, _Traits>&, const std::error_code&)’
     operator<<(basic_ostream<_CharT, _Traits>& __os, const error_code& __e)
     ^~~~~~~~
/usr/include/c++/8/system_error:217:5: note:   template argument deduction/substitution failed:
std_function-2.cpp:8:29: note:   cannot convert ‘func’ (type ‘std::function<void(int)>’) to type ‘const std::error_code&’
     cout << "function: " << func << endl;
                             ^~~~
In file included from /usr/include/c++/8/iostream:39,
                 from std_function-2.cpp:2:
/usr/include/c++/8/ostream:500:5: note: candidate: ‘template<class _CharT, class _Traits> std::basic_ostream<_CharT, _Traits>& std::operator<<(std::basic_ostream<_CharT, _Traits>&, _CharT)’
     operator<<(basic_ostream<_CharT, _Traits>& __out, _CharT __c)
     ^~~~~~~~
/usr/include/c++/8/ostream:500:5: note:   template argument deduction/substitution failed:
std_function-2.cpp:8:29: note:   deduced conflicting types for parameter ‘_CharT’ (‘char’ and ‘std::function<void(int)>’)
     cout << "function: " << func << endl;
                             ^~~~
In file included from /usr/include/c++/8/iostream:39,
                 from std_function-2.cpp:2:
/usr/include/c++/8/ostream:505:5: note: candidate: ‘template<class _CharT, class _Traits> std::basic_ostream<_CharT, _Traits>& std::operator<<(std::basic_ostream<_CharT, _Traits>&, char)’
     operator<<(basic_ostream<_CharT, _Traits>& __out, char __c)
     ^~~~~~~~
/usr/include/c++/8/ostream:505:5: note:   template argument deduction/substitution failed:
std_function-2.cpp:8:29: note:   cannot convert ‘func’ (type ‘std::function<void(int)>’) to type ‘char’
     cout << "function: " << func << endl;
                             ^~~~
In file included from /usr/include/c++/8/iostream:39,
                 from std_function-2.cpp:2:
/usr/include/c++/8/ostream:511:5: note: candidate: ‘template<class _Traits> std::basic_ostream<char, _Traits>& std::operator<<(std::basic_ostream<char, _Traits>&, char)’
     operator<<(basic_ostream<char, _Traits>& __out, char __c)
     ^~~~~~~~
/usr/include/c++/8/ostream:511:5: note:   template argument deduction/substitution failed:
std_function-2.cpp:8:29: note:   cannot convert ‘func’ (type ‘std::function<void(int)>’) to type ‘char’
     cout << "function: " << func << endl;
                             ^~~~
In file included from /usr/include/c++/8/iostream:39,
                 from std_function-2.cpp:2:
/usr/include/c++/8/ostream:517:5: note: candidate: ‘template<class _Traits> std::basic_ostream<char, _Traits>& std::operator<<(std::basic_ostream<char, _Traits>&, signed char)’
     operator<<(basic_ostream<char, _Traits>& __out, signed char __c)
     ^~~~~~~~
/usr/include/c++/8/ostream:517:5: note:   template argument deduction/substitution failed:
std_function-2.cpp:8:29: note:   cannot convert ‘func’ (type ‘std::function<void(int)>’) to type ‘signed char’
     cout << "function: " << func << endl;
                             ^~~~
In file included from /usr/include/c++/8/iostream:39,
                 from std_function-2.cpp:2:
/usr/include/c++/8/ostream:522:5: note: candidate: ‘template<class _Traits> std::basic_ostream<char, _Traits>& std::operator<<(std::basic_ostream<char, _Traits>&, unsigned char)’
     operator<<(basic_ostream<char, _Traits>& __out, unsigned char __c)
     ^~~~~~~~
/usr/include/c++/8/ostream:522:5: note:   template argument deduction/substitution failed:
std_function-2.cpp:8:29: note:   cannot convert ‘func’ (type ‘std::function<void(int)>’) to type ‘unsigned char’
     cout << "function: " << func << endl;
                             ^~~~
In file included from /usr/include/c++/8/iostream:39,
                 from std_function-2.cpp:2:
/usr/include/c++/8/ostream:542:5: note: candidate: ‘template<class _CharT, class _Traits> std::basic_ostream<_CharT, _Traits>& std::operator<<(std::basic_ostream<_CharT, _Traits>&, const _CharT*)’
     operator<<(basic_ostream<_CharT, _Traits>& __out, const _CharT* __s)
     ^~~~~~~~
/usr/include/c++/8/ostream:542:5: note:   template argument deduction/substitution failed:
std_function-2.cpp:8:29: note:   mismatched types ‘const _CharT*’ and ‘std::function<void(int)>’
     cout << "function: " << func << endl;
                             ^~~~
In file included from /usr/include/c++/8/ostream:696,
                 from /usr/include/c++/8/iostream:39,
                 from std_function-2.cpp:2:
/usr/include/c++/8/bits/ostream.tcc:321:5: note: candidate: ‘template<class _CharT, class _Traits> std::basic_ostream<_CharT, _Traits>& std::operator<<(std::basic_ostream<_CharT, _Traits>&, const char*)’
     operator<<(basic_ostream<_CharT, _Traits>& __out, const char* __s)
     ^~~~~~~~
/usr/include/c++/8/bits/ostream.tcc:321:5: note:   template argument deduction/substitution failed:
std_function-2.cpp:8:29: note:   cannot convert ‘func’ (type ‘std::function<void(int)>’) to type ‘const char*’
     cout << "function: " << func << endl;
                             ^~~~
In file included from /usr/include/c++/8/iostream:39,
                 from std_function-2.cpp:2:
/usr/include/c++/8/ostream:559:5: note: candidate: ‘template<class _Traits> std::basic_ostream<char, _Traits>& std::operator<<(std::basic_ostream<char, _Traits>&, const char*)’
     operator<<(basic_ostream<char, _Traits>& __out, const char* __s)
     ^~~~~~~~
/usr/include/c++/8/ostream:559:5: note:   template argument deduction/substitution failed:
std_function-2.cpp:8:29: note:   cannot convert ‘func’ (type ‘std::function<void(int)>’) to type ‘const char*’
     cout << "function: " << func << endl;
                             ^~~~
In file included from /usr/include/c++/8/iostream:39,
                 from std_function-2.cpp:2:
/usr/include/c++/8/ostream:572:5: note: candidate: ‘template<class _Traits> std::basic_ostream<char, _Traits>& std::operator<<(std::basic_ostream<char, _Traits>&, const signed char*)’
     operator<<(basic_ostream<char, _Traits>& __out, const signed char* __s)
     ^~~~~~~~
/usr/include/c++/8/ostream:572:5: note:   template argument deduction/substitution failed:
std_function-2.cpp:8:29: note:   cannot convert ‘func’ (type ‘std::function<void(int)>’) to type ‘const signed char*’
     cout << "function: " << func << endl;
                             ^~~~
In file included from /usr/include/c++/8/iostream:39,
                 from std_function-2.cpp:2:
/usr/include/c++/8/ostream:577:5: note: candidate: ‘template<class _Traits> std::basic_ostream<char, _Traits>& std::operator<<(std::basic_ostream<char, _Traits>&, const unsigned char*)’
     operator<<(basic_ostream<char, _Traits>& __out, const unsigned char* __s)
     ^~~~~~~~
/usr/include/c++/8/ostream:577:5: note:   template argument deduction/substitution failed:
std_function-2.cpp:8:29: note:   cannot convert ‘func’ (type ‘std::function<void(int)>’) to type ‘const unsigned char*’
     cout << "function: " << func << endl;
                             ^~~~
In file included from /usr/include/c++/8/iostream:39,
                 from std_function-2.cpp:2:
/usr/include/c++/8/ostream:685:5: note: candidate: ‘template<class _Ostream, class _Tp> typename std::enable_if<std::__and_<std::__not_<std::is_lvalue_reference<_Tp> >, std::__is_convertible_to_basic_ostream<_Ostream>, std::__is_insertable<typename std::__is_convertible_to_basic_ostream<_Tp>::__ostream_type, const _Tp&, void> >::value, typename std::__is_convertible_to_basic_ostream<_Tp>::__ostream_type>::type std::operator<<(_Ostream&&, const _Tp&)’
     operator<<(_Ostream&& __os, const _Tp& __x)
     ^~~~~~~~
/usr/include/c++/8/ostream:685:5: note:   template argument deduction/substitution failed:
/usr/include/c++/8/ostream: In substitution of ‘template<class _Ostream, class _Tp> typename std::enable_if<std::__and_<std::__not_<std::is_lvalue_reference<_Tp> >, std::__is_convertible_to_basic_ostream<_Ostream>, std::__is_insertable<typename std::__is_convertible_to_basic_ostream<_Tp>::__ostream_type, const _Tp&, void> >::value, typename std::__is_convertible_to_basic_ostream<_Tp>::__ostream_type>::type std::operator<<(_Ostream&&, const _Tp&) [with _Ostream = std::basic_ostream<char>&; _Tp = std::function<void(int)>]’:
std_function-2.cpp:8:29:   required from here
/usr/include/c++/8/ostream:685:5: error: no type named ‘type’ in ‘struct std::enable_if<false, std::basic_ostream<char>&>’
